ComposeHelloWorld/app/build/intermediates/manifest_merge_blame_file/debug/processDebugMainManifest/manifest-merger-blame-debug-report.txt
1<?xml version="1.0" encoding="utf-8"?>
2<manifest xmlns:android="http://schemas.android.com/apk/res/android"
3    package="fastcampus.part2.compose_hello_world"
4    android:versionCode="1"
5    android:versionName="1.0" >
6
7    <uses-sdk
8        android:minSdkVersion="24"
9        android:targetSdkVersion="35" />
10
11    <uses-permission android:name="android.permission.INTERNET" />
11-->src\main\AndroidManifest.xml:5:5-83
11-->src\main\AndroidManifest.xml:5:22-64
12
13    <permission
13-->[androidx.core:core:1.16.0] AndroidManifest.xml:22:5-24:47
14        android:name="fastcampus.part2.compose_hello_world.DYNAMIC_RECEIVER_NOT_EXPORTED_PERMISSION"
14-->[androidx.core:core:1.16.0] AndroidManifest.xml:23:9-81
15        android:protectionLevel="signature" />
15-->[androidx.core:core:1.16.0] AndroidManifest.xml:24:9-44
16
17    <uses-permission android:name="fastcampus.part2.compose_hello_world.DYNAMIC_RECEIVER_NOT_EXPORTED_PERMISSION" />
17-->[androidx.core:core:1.16.0] AndroidManifest.xml:26:5-97
17-->[androidx.core:core:1.16.0] AndroidManifest.xml:26:22-94
18
19    <application
19-->src\main\AndroidManifest.xml:6:5-62:19
20        android:allowBackup="true"
20-->src\main\AndroidManifest.xml:7:9-35
21        android:appComponentFactory="androidx.core.app.CoreComponentFactory"
21-->[androidx.core:core:1.16.0] AndroidManifest.xml:28:18-86
22        android:dataExtractionRules="@xml/data_extraction_rules"
22-->src\main\AndroidManifest.xml:8:9-65
23        android:debuggable="true"
24        android:extractNativeLibs="false"
25        android:fullBackupContent="@xml/backup_rules"
25-->src\main\AndroidManifest.xml:9:9-54
26        android:icon="@mipmap/ic_launcher"
26-->src\main\AndroidManifest.xml:10:9-43
27        android:label="@string/app_name"
27-->src\main\AndroidManifest.xml:11:9-41
28        android:roundIcon="@mipmap/ic_launcher_round"
28-->src\main\AndroidManifest.xml:12:9-54
29        android:supportsRtl="true"
29-->src\main\AndroidManifest.xml:13:9-35
30        android:testOnly="true"
31        android:theme="@style/Theme.ComposeHelloWorld" >
31-->src\main\AndroidManifest.xml:14:9-55
32        <activity
32-->src\main\AndroidManifest.xml:16:9-20:62
33            android:name="fastcampus.part2.compose_hello_world.NetworkImageActivity"
33-->src\main\AndroidManifest.xml:17:13-49
34            android:exported="false"
34-->src\main\AndroidManifest.xml:18:13-37
35            android:label="@string/title_activity_network_image"
35-->src\main\AndroidManifest.xml:19:13-65
36            android:theme="@style/Theme.ComposeHelloWorld" />
36-->src\main\AndroidManifest.xml:20:13-59
37        <activity
37-->src\main\AndroidManifest.xml:21:9-25:62
38            android:name="fastcampus.part2.compose_hello_world.BoxWithConstraintsActivity"
38-->src\main\AndroidManifest.xml:22:13-55
39            android:exported="false"
39-->src\main\AndroidManifest.xml:23:13-37
40            android:label="@string/title_activity_box_with_constraints"
40-->src\main\AndroidManifest.xml:24:13-72
41            android:theme="@style/Theme.ComposeHelloWorld" />
41-->src\main\AndroidManifest.xml:25:13-59
42        <activity
42-->src\main\AndroidManifest.xml:26:9-30:62
43            android:name="fastcampus.part2.compose_hello_world.ColumnActivity"
43-->src\main\AndroidManifest.xml:27:13-43
44            android:exported="false"
44-->src\main\AndroidManifest.xml:28:13-37
45            android:label="@string/title_activity_column"
45-->src\main\AndroidManifest.xml:29:13-58
46            android:theme="@style/Theme.ComposeHelloWorld" />
46-->src\main\AndroidManifest.xml:30:13-59
47        <activity
47-->src\main\AndroidManifest.xml:31:9-35:62
48            android:name="fastcampus.part2.compose_hello_world.RowActivity"
48-->src\main\AndroidManifest.xml:32:13-40
49            android:exported="false"
49-->src\main\AndroidManifest.xml:33:13-37
50            android:label="@string/title_activity_row"
50-->src\main\AndroidManifest.xml:34:13-55
51            android:theme="@style/Theme.ComposeHelloWorld" />
51-->src\main\AndroidManifest.xml:35:13-59
52        <activity
52-->src\main\AndroidManifest.xml:36:9-40:62
53            android:name="fastcampus.part2.compose_hello_world.BoxActivity"
53-->src\main\AndroidManifest.xml:37:13-40
54            android:exported="false"
54-->src\main\AndroidManifest.xml:38:13-37
55            android:label="@string/title_activity_box"
55-->src\main\AndroidManifest.xml:39:13-55
56            android:theme="@style/Theme.ComposeHelloWorld" />
56-->src\main\AndroidManifest.xml:40:13-59
57        <activity
57-->src\main\AndroidManifest.xml:41:9-45:62
58            android:name="fastcampus.part2.compose_hello_world.SurfaceActivity"
58-->src\main\AndroidManifest.xml:42:13-44
59            android:exported="false"
59-->src\main\AndroidManifest.xml:43:13-37
60            android:label="@string/title_activity_surface"
60-->src\main\AndroidManifest.xml:44:13-59
61            android:theme="@style/Theme.ComposeHelloWorld" />
61-->src\main\AndroidManifest.xml:45:13-59
62        <activity
62-->src\main\AndroidManifest.xml:46:9-50:62
63            android:name="fastcampus.part2.compose_hello_world.ModifierActivity"
63-->src\main\AndroidManifest.xml:47:13-45
64            android:exported="false"
64-->src\main\AndroidManifest.xml:48:13-37
65            android:label="@string/title_activity_modifier"
65-->src\main\AndroidManifest.xml:49:13-60
66            android:theme="@style/Theme.ComposeHelloWorld" />
66-->src\main\AndroidManifest.xml:50:13-59
67        <activity
67-->src\main\AndroidManifest.xml:51:9-61:20
68            android:name="fastcampus.part2.compose_hello_world.MainActivity"
68-->src\main\AndroidManifest.xml:52:13-41
69            android:exported="true"
69-->src\main\AndroidManifest.xml:53:13-36
70            android:label="@string/app_name"
70-->src\main\AndroidManifest.xml:54:13-45
71            android:theme="@style/Theme.ComposeHelloWorld" >
71-->src\main\AndroidManifest.xml:55:13-59
72            <intent-filter>
72-->src\main\AndroidManifest.xml:56:13-60:29
73                <action android:name="android.intent.action.MAIN" />
73-->src\main\AndroidManifest.xml:57:17-69
73-->src\main\AndroidManifest.xml:57:25-66
74
75                <category android:name="android.intent.category.LAUNCHER" />
75-->src\main\AndroidManifest.xml:59:17-77
75-->src\main\AndroidManifest.xml:59:27-74
76            </intent-filter>
77        </activity>
78        <activity
78-->[androidx.compose.ui:ui-tooling-android:1.6.6] AndroidManifest.xml:23:9-25:39
79            android:name="androidx.compose.ui.tooling.PreviewActivity"
79-->[androidx.compose.ui:ui-tooling-android:1.6.6] AndroidManifest.xml:24:13-71
80            android:exported="true" />
80-->[androidx.compose.ui:ui-tooling-android:1.6.6] AndroidManifest.xml:25:13-36
81        <activity
81-->[androidx.compose.ui:ui-test-manifest:1.6.6] AndroidManifest.xml:23:9-25:39
82            android:name="androidx.activity.ComponentActivity"
82-->[androidx.compose.ui:ui-test-manifest:1.6.6] AndroidManifest.xml:24:13-63
83            android:exported="true" />
83-->[androidx.compose.ui:ui-test-manifest:1.6.6] AndroidManifest.xml:25:13-36
84
85        <provider
85-->[androidx.emoji2:emoji2:1.3.0] AndroidManifest.xml:24:9-32:20
86            android:name="androidx.startup.InitializationProvider"
86-->[androidx.emoji2:emoji2:1.3.0] AndroidManifest.xml:25:13-67
87            android:authorities="fastcampus.part2.compose_hello_world.androidx-startup"
87-->[androidx.emoji2:emoji2:1.3.0] AndroidManifest.xml:26:13-68
88            android:exported="false" >
88-->[androidx.emoji2:emoji2:1.3.0] AndroidManifest.xml:27:13-37
89            <meta-data
89-->[androidx.emoji2:emoji2:1.3.0] AndroidManifest.xml:29:13-31:52
90                android:name="androidx.emoji2.text.EmojiCompatInitializer"
90-->[androidx.emoji2:emoji2:1.3.0] AndroidManifest.xml:30:17-75
91                android:value="androidx.startup" />
91-->[androidx.emoji2:emoji2:1.3.0] AndroidManifest.xml:31:17-49
92            <meta-data
92-->[androidx.lifecycle:lifecycle-process:2.8.7] AndroidManifest.xml:29:13-31:52
93                android:name="androidx.lifecycle.ProcessLifecycleInitializer"
93-->[androidx.lifecycle:lifecycle-process:2.8.7] AndroidManifest.xml:30:17-78
94                android:value="androidx.startup" />
94-->[androidx.lifecycle:lifecycle-process:2.8.7] AndroidManifest.xml:31:17-49
95            <meta-data
95-->[androidx.profileinstaller:profileinstaller:1.4.0] AndroidManifest.xml:29:13-31:52
96                android:name="androidx.profileinstaller.ProfileInstallerInitializer"
96-->[androidx.profileinstaller:profileinstaller:1.4.0] AndroidManifest.xml:30:17-85
97                android:value="androidx.startup" />
97-->[androidx.profileinstaller:profileinstaller:1.4.0] AndroidManifest.xml:31:17-49
98        </provider>
99
100        <receiver
100-->[androidx.profileinstaller:profileinstaller:1.4.0] AndroidManifest.xml:34:9-52:20
101            android:name="androidx.profileinstaller.ProfileInstallReceiver"
101-->[androidx.profileinstaller:profileinstaller:1.4.0] AndroidManifest.xml:35:13-76
102            android:directBootAware="false"
102-->[androidx.profileinstaller:profileinstaller:1.4.0] AndroidManifest.xml:36:13-44
103            android:enabled="true"
103-->[androidx.profileinstaller:profileinstaller:1.4.0] AndroidManifest.xml:37:13-35
104            android:exported="true"
104-->[androidx.profileinstaller:profileinstaller:1.4.0] AndroidManifest.xml:38:13-36
105            android:permission="android.permission.DUMP" >
105-->[androidx.profileinstaller:profileinstaller:1.4.0] AndroidManifest.xml:39:13-57
106            <intent-filter>
106-->[androidx.profileinstaller:profileinstaller:1.4.0] AndroidManifest.xml:40:13-42:29
107                <action android:name="androidx.profileinstaller.action.INSTALL_PROFILE" />
107-->[androidx.profileinstaller:profileinstaller:1.4.0] AndroidManifest.xml:41:17-91
107-->[androidx.profileinstaller:profileinstaller:1.4.0] AndroidManifest.xml:41:25-88
108            </intent-filter>
109            <intent-filter>
109-->[androidx.profileinstaller:profileinstaller:1.4.0] AndroidManifest.xml:43:13-45:29
110                <action android:name="androidx.profileinstaller.action.SKIP_FILE" />
110-->[androidx.profileinstaller:profileinstaller:1.4.0] AndroidManifest.xml:44:17-85
110-->[androidx.profileinstaller:profileinstaller:1.4.0] AndroidManifest.xml:44:25-82
111            </intent-filter>
112            <intent-filter>
112-->[androidx.profileinstaller:profileinstaller:1.4.0] AndroidManifest.xml:46:13-48:29
113                <action android:name="androidx.profileinstaller.action.SAVE_PROFILE" />
113-->[androidx.profileinstaller:profileinstaller:1.4.0] AndroidManifest.xml:47:17-88
113-->[androidx.profileinstaller:profileinstaller:1.4.0] AndroidManifest.xml:47:25-85
114            </intent-filter>
115            <intent-filter>
115-->[androidx.profileinstaller:profileinstaller:1.4.0] AndroidManifest.xml:49:13-51:29
116                <action android:name="androidx.profileinstaller.action.BENCHMARK_OPERATION" />
116-->[androidx.profileinstaller:profileinstaller:1.4.0] AndroidManifest.xml:50:17-95
116-->[androidx.profileinstaller:profileinstaller:1.4.0] AndroidManifest.xml:50:25-92
117            </intent-filter>
118        </receiver>
119    </application>
120
121</manifest>